<?xml version="1.0" encoding="UTF-8"?>
<testsuite name="Cucumber" time="18.247" tests="1" skipped="0" failures="0" errors="0">
<testcase classname="SmartBear login Feature" name="User Creating New Order" time="18.094">
<system-out><![CDATA[
Given :User enter username As "tester" and password as "test"...............passed
When :user on order page....................................................passed
And :user enter product information.........................................passed
And :User enter address information.........................................passed
And :User enter payment information.........................................passed
Then :order successful......................................................passed
]]></system-out>
</testcase>
</testsuite>
